\BOOKMARK [0][-]{chapter*.2}{Introduzione}{}% 1
\BOOKMARK [0][-]{chapter.1}{Metodo}{}% 2
\BOOKMARK [1][-]{section.1.1}{Features}{chapter.1}% 3
\BOOKMARK [2][-]{subsection.1.1.1}{Preparazione dei video}{section.1.1}% 4
\BOOKMARK [2][-]{subsection.1.1.2}{Estrazione delle features}{section.1.1}% 5
\BOOKMARK [1][-]{section.1.2}{Shallow pooling neural network}{chapter.1}% 6
\BOOKMARK [1][-]{section.1.3}{GRU-model}{chapter.1}% 7
\BOOKMARK [0][-]{chapter.2}{Esperimenti Classificazione}{}% 8
\BOOKMARK [1][-]{section.2.1}{Dataset}{chapter.2}% 9
\BOOKMARK [2][-]{subsection.2.1.1}{Descrizione del dataset}{section.2.1}% 10
\BOOKMARK [2][-]{subsection.2.1.2}{Label}{section.2.1}% 11
\BOOKMARK [2][-]{subsection.2.1.3}{Suddivisone minuto per minuto}{section.2.1}% 12
\BOOKMARK [1][-]{section.2.2}{Metriche}{chapter.2}% 13
\BOOKMARK [2][-]{subsection.2.2.1}{Mean Average Precision}{section.2.2}% 14
\BOOKMARK [2][-]{subsection.2.2.2}{F1}{section.2.2}% 15
\BOOKMARK [1][-]{section.2.3}{Baseline}{chapter.2}% 16
\BOOKMARK [1][-]{section.2.4}{I miei risultati}{chapter.2}% 17
\BOOKMARK [2][-]{subsection.2.4.1}{Training and Validation}{section.2.4}% 18
\BOOKMARK [2][-]{subsection.2.4.2}{Test}{section.2.4}% 19
\BOOKMARK [0][-]{chapter.3}{Conclusioni}{}% 20
\BOOKMARK [0][-]{chapter.3}{Bibliografia}{}% 21
